<?xml version="1.0" encoding="UTF-8"?>
<coverage generated="1676624429815" clover="3.2.0">
  <project timestamp="1676624429815" name="All files">
    <metrics statements="25" coveredstatements="25" conditionals="4" coveredconditionals="4" methods="6" coveredmethods="6" elements="35" coveredelements="35" complexity="0" loc="25" ncloc="25" packages="1" files="3" classes="3"/>
    <file name="contador.js" path="C:\Users\arman\OneDrive\Documents\CarpetaNinja\ITC\Construccion de Software\Construccion-de-software-y-toma-de-decisiones\Lab_4\Functions\contador.js">
      <metrics statements="9" coveredstatements="9" conditionals="4" coveredconditionals="4" methods="2" coveredmethods="2"/>
      <line num="2" count="3" type="stmt"/>
      <line num="8" count="3" type="stmt"/>
      <line num="9" count="13" type="cond" truecount="2" falsecount="0"/>
      <line num="10" count="4" type="stmt"/>
      <line num="12" count="9" type="cond" truecount="2" falsecount="0"/>
      <line num="13" count="2" type="stmt"/>
      <line num="16" count="7" type="stmt"/>
      <line num="20" count="3" type="stmt"/>
      <line num="23" count="1" type="stmt"/>
    </file>
    <file name="inverso.js" path="C:\Users\arman\OneDrive\Documents\CarpetaNinja\ITC\Construccion de Software\Construccion-de-software-y-toma-de-decisiones\Lab_4\Functions\inverso.js">
      <metrics statements="8" coveredstatements="8" conditionals="0" coveredconditionals="0" methods="1" coveredmethods="1"/>
      <line num="2" count="3" type="stmt"/>
      <line num="5" count="3" type="stmt"/>
      <line num="6" count="12" type="stmt"/>
      <line num="7" count="12" type="stmt"/>
      <line num="9" count="12" type="stmt"/>
      <line num="10" count="12" type="stmt"/>
      <line num="13" count="3" type="stmt"/>
      <line num="17" count="1" type="stmt"/>
    </file>
    <file name="promedios.js" path="C:\Users\arman\OneDrive\Documents\CarpetaNinja\ITC\Construccion de Software\Construccion-de-software-y-toma-de-decisiones\Lab_4\Functions\promedios.js">
      <metrics statements="8" coveredstatements="8" conditionals="0" coveredconditionals="0" methods="3" coveredmethods="3"/>
      <line num="2" count="3" type="stmt"/>
      <line num="5" count="3" type="stmt"/>
      <line num="6" count="9" type="stmt"/>
      <line num="7" count="9" type="stmt"/>
      <line num="8" count="20" type="stmt"/>
      <line num="10" count="9" type="stmt"/>
      <line num="13" count="3" type="stmt"/>
      <line num="16" count="1" type="stmt"/>
    </file>
  </project>
</coverage>
