{"C:\\Users\\arman\\OneDrive\\Documents\\CarpetaNinja\\ITC\\Construccion de Software\\Construccion-de-software-y-toma-de-decisiones\\Lab_4\\Functions\\contador.js": {"path":"C:\\Users\\arman\\OneDrive\\Documents\\CarpetaNinja\\ITC\\Construccion de Software\\Construccion-de-software-y-toma-de-decisiones\\Lab_4\\Functions\\contador.js","statementMap":{"0":{"start":{"line":2,"column":17},"end":{"line":6,"column":5}},"1":{"start":{"line":8,"column":4},"end":{"line":18,"column":7}},"2":{"start":{"line":9,"column":8},"end":{"line":17,"column":9}},"3":{"start":{"line":10,"column":12},"end":{"line":10,"column":30}},"4":{"start":{"line":12,"column":13},"end":{"line":17,"column":9}},"5":{"start":{"line":13,"column":12},"end":{"line":13,"column":27}},"6":{"start":{"line":16,"column":12},"end":{"line":16,"column":30}},"7":{"start":{"line":20,"column":4},"end":{"line":20,"column":18}},"8":{"start":{"line":23,"column":0},"end":{"line":23,"column":26}}},"fnMap":{"0":{"name":"contador","decl":{"start":{"line":1,"column":9},"end":{"line":1,"column":17}},"loc":{"start":{"line":1,"column":22},"end":{"line":21,"column":1}},"line":1},"1":{"name":"(anonymous_1)","decl":{"start":{"line":8,"column":16},"end":{"line":8,"column":17}},"loc":{"start":{"line":8,"column":27},"end":{"line":18,"column":5}},"line":8}},"branchMap":{"0":{"loc":{"start":{"line":9,"column":8},"end":{"line":17,"column":9}},"type":"if","locations":[{"start":{"line":9,"column":8},"end":{"line":17,"column":9}},{"start":{"line":12,"column":13},"end":{"line":17,"column":9}}],"line":9},"1":{"loc":{"start":{"line":12,"column":13},"end":{"line":17,"column":9}},"type":"if","locations":[{"start":{"line":12,"column":13},"end":{"line":17,"column":9}},{"start":{"line":15,"column":12},"end":{"line":17,"column":9}}],"line":12}},"s":{"0":3,"1":3,"2":13,"3":4,"4":9,"5":2,"6":7,"7":3,"8":1},"f":{"0":3,"1":13},"b":{"0":[4,9],"1":[2,7]},"_coverageSchema":"1a1c01bbd47fc00a2c39e90264f33305004495a9","hash":"315505af554b3854a000ea83f940d9fbaf57dfd7"}
,"C:\\Users\\arman\\OneDrive\\Documents\\CarpetaNinja\\ITC\\Construccion de Software\\Construccion-de-software-y-toma-de-decisiones\\Lab_4\\Functions\\inverso.js": {"path":"C:\\Users\\arman\\OneDrive\\Documents\\CarpetaNinja\\ITC\\Construccion de Software\\Construccion-de-software-y-toma-de-decisiones\\Lab_4\\Functions\\inverso.js","statementMap":{"0":{"start":{"line":2,"column":14},"end":{"line":2,"column":15}},"1":{"start":{"line":5,"column":4},"end":{"line":11,"column":5}},"2":{"start":{"line":6,"column":8},"end":{"line":6,"column":27}},"3":{"start":{"line":7,"column":8},"end":{"line":7,"column":32}},"4":{"start":{"line":9,"column":8},"end":{"line":9,"column":21}},"5":{"start":{"line":10,"column":8},"end":{"line":10,"column":36}},"6":{"start":{"line":13,"column":4},"end":{"line":13,"column":15}},"7":{"start":{"line":17,"column":0},"end":{"line":17,"column":25}}},"fnMap":{"0":{"name":"inverso","decl":{"start":{"line":1,"column":9},"end":{"line":1,"column":16}},"loc":{"start":{"line":1,"column":24},"end":{"line":15,"column":1}},"line":1}},"branchMap":{},"s":{"0":3,"1":3,"2":12,"3":12,"4":12,"5":12,"6":3,"7":1},"f":{"0":3},"b":{},"_coverageSchema":"1a1c01bbd47fc00a2c39e90264f33305004495a9","hash":"4f9dcb33e7d63b59edffceaab2287268b0a20019"}
,"C:\\Users\\arman\\OneDrive\\Documents\\CarpetaNinja\\ITC\\Construccion de Software\\Construccion-de-software-y-toma-de-decisiones\\Lab_4\\Functions\\promedios.js": {"path":"C:\\Users\\arman\\OneDrive\\Documents\\CarpetaNinja\\ITC\\Construccion de Software\\Construccion-de-software-y-toma-de-decisiones\\Lab_4\\Functions\\promedios.js","statementMap":{"0":{"start":{"line":2,"column":22},"end":{"line":2,"column":24}},"1":{"start":{"line":5,"column":4},"end":{"line":11,"column":6}},"2":{"start":{"line":6,"column":8},"end":{"line":6,"column":16}},"3":{"start":{"line":7,"column":8},"end":{"line":9,"column":10}},"4":{"start":{"line":8,"column":12},"end":{"line":8,"column":26}},"5":{"start":{"line":10,"column":8},"end":{"line":10,"column":40}},"6":{"start":{"line":13,"column":4},"end":{"line":13,"column":21}},"7":{"start":{"line":16,"column":0},"end":{"line":16,"column":27}}},"fnMap":{"0":{"name":"promedios","decl":{"start":{"line":1,"column":9},"end":{"line":1,"column":18}},"loc":{"start":{"line":1,"column":26},"end":{"line":14,"column":1}},"line":1},"1":{"name":"(anonymous_1)","decl":{"start":{"line":5,"column":19},"end":{"line":5,"column":20}},"loc":{"start":{"line":5,"column":26},"end":{"line":11,"column":5}},"line":5},"2":{"name":"(anonymous_2)","decl":{"start":{"line":7,"column":20},"end":{"line":7,"column":21}},"loc":{"start":{"line":7,"column":30},"end":{"line":9,"column":9}},"line":7}},"branchMap":{},"s":{"0":3,"1":3,"2":9,"3":9,"4":20,"5":9,"6":3,"7":1},"f":{"0":3,"1":9,"2":20},"b":{},"_coverageSchema":"1a1c01bbd47fc00a2c39e90264f33305004495a9","hash":"04709887e02c45906778960b7baec5f9edc4367f"}
}
