TN:
SF:contador.js
FN:1,contador
FN:8,(anonymous_1)
FNF:2
FNH:2
FNDA:3,contador
FNDA:13,(anonymous_1)
DA:2,3
DA:8,3
DA:9,13
DA:10,4
DA:12,9
DA:13,2
DA:16,7
DA:20,3
DA:23,1
LF:9
LH:9
BRDA:9,0,0,4
BRDA:9,0,1,9
BRDA:12,1,0,2
BRDA:12,1,1,7
BRF:4
BRH:4
end_of_record
TN:
SF:inverso.js
FN:1,inverso
FNF:1
FNH:1
FNDA:3,inverso
DA:2,3
DA:5,3
DA:6,12
DA:7,12
DA:9,12
DA:10,12
DA:13,3
DA:17,1
LF:8
LH:8
BRF:0
BRH:0
end_of_record
TN:
SF:promedios.js
FN:1,promedios
FN:5,(anonymous_1)
FN:7,(anonymous_2)
FNF:3
FNH:3
FNDA:3,promedios
FNDA:9,(anonymous_1)
FNDA:20,(anonymous_2)
DA:2,3
DA:5,3
DA:6,9
DA:7,9
DA:8,20
DA:10,9
DA:13,3
DA:16,1
LF:8
LH:8
BRF:0
BRH:0
end_of_record
